<html>
<head>
<title>TestNG:  Command line test</title>
<link href="../testng.css" rel="stylesheet" type="text/css" />
<link href="../my-testng.css" rel="stylesheet" type="text/css" />

<style type="text/css">
.log { display: none;} 
.stack-trace { display: none;} 
</style>
<script type="text/javascript">
<!--
function flip(e) {
  current = e.style.display;
  if (current == 'block') {
    e.style.display = 'none';
    return 0;
  }
  else {
    e.style.display = 'block';
    return 1;
  }
}

function toggleBox(szDivId, elem, msg1, msg2)
{
  var res = -1;  if (document.getElementById) {
    res = flip(document.getElementById(szDivId));
  }
  else if (document.all) {
    // this is the way old msie versions work
    res = flip(document.all[szDivId]);
  }
  if(elem) {
    if(res == 0) elem.innerHTML = msg1; else elem.innerHTML = msg2;
  }

}

function toggleAllBoxes() {
  if (document.getElementsByTagName) {
    d = document.getElementsByTagName('div');
    for (i = 0; i < d.length; i++) {
      if (d[i].className == 'log') {
        flip(d[i]);
      }
    }
  }
}

// -->
</script>

</head>
<body>
<h2 align='center'>Command line test</h2><table border='1' align="center">
<tr>
<td>Tests passed/Failed/Skipped:</td><td>22/0/0</td>
</tr><tr>
<td>Started on:</td><td>Sun Sep 23 22:21:51 BST 2012</td>
</tr>
<tr><td>Total time:</td><td>0 seconds (195 ms)</td>
</tr><tr>
<td>Included groups:</td><td></td>
</tr><tr>
<td>Excluded groups:</td><td></td>
</tr>
</table><p/>
<small><i>(Hover the method name to see the test class name)</i></small><p/>
<table width='100%' border='1' class='invocation-passed'>
<tr><td colspan='4' align='center'><b>PASSED TESTS</b></td></tr>
<tr><td><b>Test method</b></td>
<td width="30%"><b>Exception</b></td>
<td width="10%"><b>Time (seconds)</b></td>
<td><b>Instance</b></td>
</tr>
<tr>
<td title='org.andreacaldera.rockpaperscissors.AutoPlayerTest.beforeClass()'><b>beforeClass</b><br>Test class: org.andreacaldera.rockpaperscissors.AutoPlayerTest</td>
<td></td>
<td>0</td>
<td>org.andreacaldera.rockpaperscissors.AutoPlayerTest@7d2452e8</td></tr>
<tr>
<td title='org.andreacaldera.rockpaperscissors.GameEngineTest.rockShouldBeatScissors()'><b>rockShouldBeatScissors</b><br>Test class: org.andreacaldera.rockpaperscissors.GameEngineTest</td>
<td></td>
<td>0</td>
<td>org.andreacaldera.rockpaperscissors.GameEngineTest@5bbf3d87</td></tr>
<tr>
<td title='org.andreacaldera.rockpaperscissors.exception.GameExceptionTest.shouldCreateExceptionWithException()'><b>shouldCreateExceptionWithException</b><br>Test class: org.andreacaldera.rockpaperscissors.exception.GameExceptionTest</td>
<td></td>
<td>0</td>
<td>org.andreacaldera.rockpaperscissors.exception.GameExceptionTest@1de4f7c2</td></tr>
<tr>
<td title='org.andreacaldera.rockpaperscissors.exception.GameExceptionTest.shouldCreateExceptionWithMessage()'><b>shouldCreateExceptionWithMessage</b><br>Test class: org.andreacaldera.rockpaperscissors.exception.GameExceptionTest</td>
<td></td>
<td>0</td>
<td>org.andreacaldera.rockpaperscissors.exception.GameExceptionTest@1de4f7c2</td></tr>
<tr>
<td title='org.andreacaldera.rockpaperscissors.GameEngineTest.shouldFailWithFirstWeaponNull()'><b>shouldFailWithFirstWeaponNull</b><br>Test class: org.andreacaldera.rockpaperscissors.GameEngineTest</td>
<td><div><pre>org.andreacaldera.rockpaperscissors.exception.GameException: Weapons cannot be null
	at org.andreacaldera.rockpaperscissors.GameEngine.play(GameEngine.java:40)
	at org.andreacaldera.rockpaperscissors.GameEngineTest.shouldFailWithFirstWeaponNull(GameEngineTest.java:28)
	at org.apache.maven.surefire.testng.TestNGExecutor.run(TestNGExecutor.java:60)
	at org.apache.maven.surefire.testng.TestNGDirectoryTestSuite.executeMulti(TestNGDirectoryTestSuite.java:153)
	at org.apache.maven.surefire.testng.TestNGDirectoryTestSuite.execute(TestNGDirectoryTestSuite.java:99)
	at org.apache.maven.surefire.testng.TestNGProvider.invoke(TestNGProvider.java:111)
	at org.apache.maven.surefire.booter.ProviderFactory$ClassLoaderProxy.invoke(ProviderFactory.java:103)
	at $Proxy0.invoke(Unknown Source)
	at org.apache.maven.surefire.booter.SurefireStarter.invokeProvider(SurefireStarter.java:150)
	at org.apache.maven.surefire.booter.SurefireStarter.runSuitesInProcess(SurefireStarter.java:91)
	at org.apache.maven.surefire.booter.ForkedBooter.main(ForkedBooter.java:69)
... Removed 26 stack frames</pre></div><a href='#' onClick='toggleBox("stack-trace220424415", this, "Click to show all stack frames", "Click to hide stack frames")'>Click to show all stack frames</a>
<div class='stack-trace' id='stack-trace220424415'><pre>org.andreacaldera.rockpaperscissors.exception.GameException: Weapons cannot be null
	at org.andreacaldera.rockpaperscissors.GameEngine.play(GameEngine.java:40)
	at org.andreacaldera.rockpaperscissors.GameEngineTest.shouldFailWithFirstWeaponNull(GameEngineTest.java:28)
	at sun.reflect.NativeMethodAccessorImpl.invoke0(Native Method)
	at sun.reflect.NativeMethodAccessorImpl.invoke(NativeMethodAccessorImpl.java:39)
	at sun.reflect.DelegatingMethodAccessorImpl.invoke(DelegatingMethodAccessorImpl.java:25)
	at java.lang.reflect.Method.invoke(Method.java:597)
	at org.testng.internal.MethodInvocationHelper.invokeMethod(MethodInvocationHelper.java:80)
	at org.testng.internal.Invoker.invokeMethod(Invoker.java:673)
	at org.testng.internal.Invoker.invokeTestMethod(Invoker.java:842)
	at org.testng.internal.Invoker.invokeTestMethods(Invoker.java:1166)
	at org.testng.internal.TestMethodWorker.invokeTestMethods(TestMethodWorker.java:125)
	at org.testng.internal.TestMethodWorker.run(TestMethodWorker.java:109)
	at org.testng.TestRunner.runWorkers(TestRunner.java:1178)
	at org.testng.TestRunner.privateRun(TestRunner.java:757)
	at org.testng.TestRunner.run(TestRunner.java:608)
	at org.testng.SuiteRunner.runTest(SuiteRunner.java:334)
	at org.testng.SuiteRunner.runSequentially(SuiteRunner.java:329)
	at org.testng.SuiteRunner.privateRun(SuiteRunner.java:291)
	at org.testng.SuiteRunner.run(SuiteRunner.java:240)
	at org.testng.SuiteRunnerWorker.runSuite(SuiteRunnerWorker.java:52)
	at org.testng.SuiteRunnerWorker.run(SuiteRunnerWorker.java:86)
	at org.testng.TestNG.runSuitesSequentially(TestNG.java:1158)
	at org.testng.TestNG.runSuitesLocally(TestNG.java:1083)
	at org.testng.TestNG.run(TestNG.java:999)
	at org.apache.maven.surefire.testng.TestNGExecutor.run(TestNGExecutor.java:60)
	at org.apache.maven.surefire.testng.TestNGDirectoryTestSuite.executeMulti(TestNGDirectoryTestSuite.java:153)
	at org.apache.maven.surefire.testng.TestNGDirectoryTestSuite.execute(TestNGDirectoryTestSuite.java:99)
	at org.apache.maven.surefire.testng.TestNGProvider.invoke(TestNGProvider.java:111)
	at sun.reflect.NativeMethodAccessorImpl.invoke0(Native Method)
	at sun.reflect.NativeMethodAccessorImpl.invoke(NativeMethodAccessorImpl.java:39)
	at sun.reflect.DelegatingMethodAccessorImpl.invoke(DelegatingMethodAccessorImpl.java:25)
	at java.lang.reflect.Method.invoke(Method.java:597)
	at org.apache.maven.surefire.booter.ProviderFactory$ClassLoaderProxy.invoke(ProviderFactory.java:103)
	at $Proxy0.invoke(Unknown Source)
	at org.apache.maven.surefire.booter.SurefireStarter.invokeProvider(SurefireStarter.java:150)
	at org.apache.maven.surefire.booter.SurefireStarter.runSuitesInProcess(SurefireStarter.java:91)
	at org.apache.maven.surefire.booter.ForkedBooter.main(ForkedBooter.java:69)
</pre></div></td>
<td>0</td>
<td>org.andreacaldera.rockpaperscissors.GameEngineTest@5bbf3d87</td></tr>
<tr>
<td title='org.andreacaldera.rockpaperscissors.GameEngineTest.shouldFailWithInvalidWeapon()'><b>shouldFailWithInvalidWeapon</b><br>Test class: org.andreacaldera.rockpaperscissors.GameEngineTest</td>
<td><div><pre>java.lang.NullPointerException
	at org.andreacaldera.rockpaperscissors.GameEngine.play(GameEngine.java:47)
	at org.andreacaldera.rockpaperscissors.GameEngineTest.shouldFailWithInvalidWeapon(GameEngineTest.java:38)
	at org.apache.maven.surefire.testng.TestNGExecutor.run(TestNGExecutor.java:60)
	at org.apache.maven.surefire.testng.TestNGDirectoryTestSuite.executeMulti(TestNGDirectoryTestSuite.java:153)
	at org.apache.maven.surefire.testng.TestNGDirectoryTestSuite.execute(TestNGDirectoryTestSuite.java:99)
	at org.apache.maven.surefire.testng.TestNGProvider.invoke(TestNGProvider.java:111)
	at org.apache.maven.surefire.booter.ProviderFactory$ClassLoaderProxy.invoke(ProviderFactory.java:103)
	at $Proxy0.invoke(Unknown Source)
	at org.apache.maven.surefire.booter.SurefireStarter.invokeProvider(SurefireStarter.java:150)
	at org.apache.maven.surefire.booter.SurefireStarter.runSuitesInProcess(SurefireStarter.java:91)
	at org.apache.maven.surefire.booter.ForkedBooter.main(ForkedBooter.java:69)
... Removed 26 stack frames</pre></div><a href='#' onClick='toggleBox("stack-trace263851830", this, "Click to show all stack frames", "Click to hide stack frames")'>Click to show all stack frames</a>
<div class='stack-trace' id='stack-trace263851830'><pre>java.lang.NullPointerException
	at org.andreacaldera.rockpaperscissors.GameEngine.play(GameEngine.java:47)
	at org.andreacaldera.rockpaperscissors.GameEngineTest.shouldFailWithInvalidWeapon(GameEngineTest.java:38)
	at sun.reflect.NativeMethodAccessorImpl.invoke0(Native Method)
	at sun.reflect.NativeMethodAccessorImpl.invoke(NativeMethodAccessorImpl.java:39)
	at sun.reflect.DelegatingMethodAccessorImpl.invoke(DelegatingMethodAccessorImpl.java:25)
	at java.lang.reflect.Method.invoke(Method.java:597)
	at org.testng.internal.MethodInvocationHelper.invokeMethod(MethodInvocationHelper.java:80)
	at org.testng.internal.Invoker.invokeMethod(Invoker.java:673)
	at org.testng.internal.Invoker.invokeTestMethod(Invoker.java:842)
	at org.testng.internal.Invoker.invokeTestMethods(Invoker.java:1166)
	at org.testng.internal.TestMethodWorker.invokeTestMethods(TestMethodWorker.java:125)
	at org.testng.internal.TestMethodWorker.run(TestMethodWorker.java:109)
	at org.testng.TestRunner.runWorkers(TestRunner.java:1178)
	at org.testng.TestRunner.privateRun(TestRunner.java:757)
	at org.testng.TestRunner.run(TestRunner.java:608)
	at org.testng.SuiteRunner.runTest(SuiteRunner.java:334)
	at org.testng.SuiteRunner.runSequentially(SuiteRunner.java:329)
	at org.testng.SuiteRunner.privateRun(SuiteRunner.java:291)
	at org.testng.SuiteRunner.run(SuiteRunner.java:240)
	at org.testng.SuiteRunnerWorker.runSuite(SuiteRunnerWorker.java:52)
	at org.testng.SuiteRunnerWorker.run(SuiteRunnerWorker.java:86)
	at org.testng.TestNG.runSuitesSequentially(TestNG.java:1158)
	at org.testng.TestNG.runSuitesLocally(TestNG.java:1083)
	at org.testng.TestNG.run(TestNG.java:999)
	at org.apache.maven.surefire.testng.TestNGExecutor.run(TestNGExecutor.java:60)
	at org.apache.maven.surefire.testng.TestNGDirectoryTestSuite.executeMulti(TestNGDirectoryTestSuite.java:153)
	at org.apache.maven.surefire.testng.TestNGDirectoryTestSuite.execute(TestNGDirectoryTestSuite.java:99)
	at org.apache.maven.surefire.testng.TestNGProvider.invoke(TestNGProvider.java:111)
	at sun.reflect.NativeMethodAccessorImpl.invoke0(Native Method)
	at sun.reflect.NativeMethodAccessorImpl.invoke(NativeMethodAccessorImpl.java:39)
	at sun.reflect.DelegatingMethodAccessorImpl.invoke(DelegatingMethodAccessorImpl.java:25)
	at java.lang.reflect.Method.invoke(Method.java:597)
	at org.apache.maven.surefire.booter.ProviderFactory$ClassLoaderProxy.invoke(ProviderFactory.java:103)
	at $Proxy0.invoke(Unknown Source)
	at org.apache.maven.surefire.booter.SurefireStarter.invokeProvider(SurefireStarter.java:150)
	at org.apache.maven.surefire.booter.SurefireStarter.runSuitesInProcess(SurefireStarter.java:91)
	at org.apache.maven.surefire.booter.ForkedBooter.main(ForkedBooter.java:69)
</pre></div></td>
<td>0</td>
<td>org.andreacaldera.rockpaperscissors.GameEngineTest@5bbf3d87</td></tr>
<tr>
<td title='org.andreacaldera.rockpaperscissors.GameEngineTest.shouldFailWithSecondWeaponNull()'><b>shouldFailWithSecondWeaponNull</b><br>Test class: org.andreacaldera.rockpaperscissors.GameEngineTest</td>
<td><div><pre>org.andreacaldera.rockpaperscissors.exception.GameException: Weapons cannot be null
	at org.andreacaldera.rockpaperscissors.GameEngine.play(GameEngine.java:40)
	at org.andreacaldera.rockpaperscissors.GameEngineTest.shouldFailWithSecondWeaponNull(GameEngineTest.java:33)
	at org.apache.maven.surefire.testng.TestNGExecutor.run(TestNGExecutor.java:60)
	at org.apache.maven.surefire.testng.TestNGDirectoryTestSuite.executeMulti(TestNGDirectoryTestSuite.java:153)
	at org.apache.maven.surefire.testng.TestNGDirectoryTestSuite.execute(TestNGDirectoryTestSuite.java:99)
	at org.apache.maven.surefire.testng.TestNGProvider.invoke(TestNGProvider.java:111)
	at org.apache.maven.surefire.booter.ProviderFactory$ClassLoaderProxy.invoke(ProviderFactory.java:103)
	at $Proxy0.invoke(Unknown Source)
	at org.apache.maven.surefire.booter.SurefireStarter.invokeProvider(SurefireStarter.java:150)
	at org.apache.maven.surefire.booter.SurefireStarter.runSuitesInProcess(SurefireStarter.java:91)
	at org.apache.maven.surefire.booter.ForkedBooter.main(ForkedBooter.java:69)
... Removed 26 stack frames</pre></div><a href='#' onClick='toggleBox("stack-trace248521228", this, "Click to show all stack frames", "Click to hide stack frames")'>Click to show all stack frames</a>
<div class='stack-trace' id='stack-trace248521228'><pre>org.andreacaldera.rockpaperscissors.exception.GameException: Weapons cannot be null
	at org.andreacaldera.rockpaperscissors.GameEngine.play(GameEngine.java:40)
	at org.andreacaldera.rockpaperscissors.GameEngineTest.shouldFailWithSecondWeaponNull(GameEngineTest.java:33)
	at sun.reflect.NativeMethodAccessorImpl.invoke0(Native Method)
	at sun.reflect.NativeMethodAccessorImpl.invoke(NativeMethodAccessorImpl.java:39)
	at sun.reflect.DelegatingMethodAccessorImpl.invoke(DelegatingMethodAccessorImpl.java:25)
	at java.lang.reflect.Method.invoke(Method.java:597)
	at org.testng.internal.MethodInvocationHelper.invokeMethod(MethodInvocationHelper.java:80)
	at org.testng.internal.Invoker.invokeMethod(Invoker.java:673)
	at org.testng.internal.Invoker.invokeTestMethod(Invoker.java:842)
	at org.testng.internal.Invoker.invokeTestMethods(Invoker.java:1166)
	at org.testng.internal.TestMethodWorker.invokeTestMethods(TestMethodWorker.java:125)
	at org.testng.internal.TestMethodWorker.run(TestMethodWorker.java:109)
	at org.testng.TestRunner.runWorkers(TestRunner.java:1178)
	at org.testng.TestRunner.privateRun(TestRunner.java:757)
	at org.testng.TestRunner.run(TestRunner.java:608)
	at org.testng.SuiteRunner.runTest(SuiteRunner.java:334)
	at org.testng.SuiteRunner.runSequentially(SuiteRunner.java:329)
	at org.testng.SuiteRunner.privateRun(SuiteRunner.java:291)
	at org.testng.SuiteRunner.run(SuiteRunner.java:240)
	at org.testng.SuiteRunnerWorker.runSuite(SuiteRunnerWorker.java:52)
	at org.testng.SuiteRunnerWorker.run(SuiteRunnerWorker.java:86)
	at org.testng.TestNG.runSuitesSequentially(TestNG.java:1158)
	at org.testng.TestNG.runSuitesLocally(TestNG.java:1083)
	at org.testng.TestNG.run(TestNG.java:999)
	at org.apache.maven.surefire.testng.TestNGExecutor.run(TestNGExecutor.java:60)
	at org.apache.maven.surefire.testng.TestNGDirectoryTestSuite.executeMulti(TestNGDirectoryTestSuite.java:153)
	at org.apache.maven.surefire.testng.TestNGDirectoryTestSuite.execute(TestNGDirectoryTestSuite.java:99)
	at org.apache.maven.surefire.testng.TestNGProvider.invoke(TestNGProvider.java:111)
	at sun.reflect.NativeMethodAccessorImpl.invoke0(Native Method)
	at sun.reflect.NativeMethodAccessorImpl.invoke(NativeMethodAccessorImpl.java:39)
	at sun.reflect.DelegatingMethodAccessorImpl.invoke(DelegatingMethodAccessorImpl.java:25)
	at java.lang.reflect.Method.invoke(Method.java:597)
	at org.apache.maven.surefire.booter.ProviderFactory$ClassLoaderProxy.invoke(ProviderFactory.java:103)
	at $Proxy0.invoke(Unknown Source)
	at org.apache.maven.surefire.booter.SurefireStarter.invokeProvider(SurefireStarter.java:150)
	at org.apache.maven.surefire.booter.SurefireStarter.runSuitesInProcess(SurefireStarter.java:91)
	at org.apache.maven.surefire.booter.ForkedBooter.main(ForkedBooter.java:69)
</pre></div></td>
<td>0</td>
<td>org.andreacaldera.rockpaperscissors.GameEngineTest@5bbf3d87</td></tr>
<tr>
<td title='org.andreacaldera.rockpaperscissors.AppTest.shouldFailWithTooManyParams()'><b>shouldFailWithTooManyParams</b><br>Test class: org.andreacaldera.rockpaperscissors.AppTest</td>
<td><div><pre>org.andreacaldera.rockpaperscissors.exception.GameException: Max 2 start-up parameters accepted, see --help for more information
	at org.andreacaldera.rockpaperscissors.App.play(App.java:42)
	at org.andreacaldera.rockpaperscissors.AppTest.shouldFailWithTooManyParams(AppTest.java:17)
	at org.apache.maven.surefire.testng.TestNGExecutor.run(TestNGExecutor.java:60)
	at org.apache.maven.surefire.testng.TestNGDirectoryTestSuite.executeMulti(TestNGDirectoryTestSuite.java:153)
	at org.apache.maven.surefire.testng.TestNGDirectoryTestSuite.execute(TestNGDirectoryTestSuite.java:99)
	at org.apache.maven.surefire.testng.TestNGProvider.invoke(TestNGProvider.java:111)
	at org.apache.maven.surefire.booter.ProviderFactory$ClassLoaderProxy.invoke(ProviderFactory.java:103)
	at $Proxy0.invoke(Unknown Source)
	at org.apache.maven.surefire.booter.SurefireStarter.invokeProvider(SurefireStarter.java:150)
	at org.apache.maven.surefire.booter.SurefireStarter.runSuitesInProcess(SurefireStarter.java:91)
	at org.apache.maven.surefire.booter.ForkedBooter.main(ForkedBooter.java:69)
... Removed 26 stack frames</pre></div><a href='#' onClick='toggleBox("stack-trace1079549526", this, "Click to show all stack frames", "Click to hide stack frames")'>Click to show all stack frames</a>
<div class='stack-trace' id='stack-trace1079549526'><pre>org.andreacaldera.rockpaperscissors.exception.GameException: Max 2 start-up parameters accepted, see --help for more information
	at org.andreacaldera.rockpaperscissors.App.play(App.java:42)
	at org.andreacaldera.rockpaperscissors.AppTest.shouldFailWithTooManyParams(AppTest.java:17)
	at sun.reflect.NativeMethodAccessorImpl.invoke0(Native Method)
	at sun.reflect.NativeMethodAccessorImpl.invoke(NativeMethodAccessorImpl.java:39)
	at sun.reflect.DelegatingMethodAccessorImpl.invoke(DelegatingMethodAccessorImpl.java:25)
	at java.lang.reflect.Method.invoke(Method.java:597)
	at org.testng.internal.MethodInvocationHelper.invokeMethod(MethodInvocationHelper.java:80)
	at org.testng.internal.Invoker.invokeMethod(Invoker.java:673)
	at org.testng.internal.Invoker.invokeTestMethod(Invoker.java:842)
	at org.testng.internal.Invoker.invokeTestMethods(Invoker.java:1166)
	at org.testng.internal.TestMethodWorker.invokeTestMethods(TestMethodWorker.java:125)
	at org.testng.internal.TestMethodWorker.run(TestMethodWorker.java:109)
	at org.testng.TestRunner.runWorkers(TestRunner.java:1178)
	at org.testng.TestRunner.privateRun(TestRunner.java:757)
	at org.testng.TestRunner.run(TestRunner.java:608)
	at org.testng.SuiteRunner.runTest(SuiteRunner.java:334)
	at org.testng.SuiteRunner.runSequentially(SuiteRunner.java:329)
	at org.testng.SuiteRunner.privateRun(SuiteRunner.java:291)
	at org.testng.SuiteRunner.run(SuiteRunner.java:240)
	at org.testng.SuiteRunnerWorker.runSuite(SuiteRunnerWorker.java:52)
	at org.testng.SuiteRunnerWorker.run(SuiteRunnerWorker.java:86)
	at org.testng.TestNG.runSuitesSequentially(TestNG.java:1158)
	at org.testng.TestNG.runSuitesLocally(TestNG.java:1083)
	at org.testng.TestNG.run(TestNG.java:999)
	at org.apache.maven.surefire.testng.TestNGExecutor.run(TestNGExecutor.java:60)
	at org.apache.maven.surefire.testng.TestNGDirectoryTestSuite.executeMulti(TestNGDirectoryTestSuite.java:153)
	at org.apache.maven.surefire.testng.TestNGDirectoryTestSuite.execute(TestNGDirectoryTestSuite.java:99)
	at org.apache.maven.surefire.testng.TestNGProvider.invoke(TestNGProvider.java:111)
	at sun.reflect.NativeMethodAccessorImpl.invoke0(Native Method)
	at sun.reflect.NativeMethodAccessorImpl.invoke(NativeMethodAccessorImpl.java:39)
	at sun.reflect.DelegatingMethodAccessorImpl.invoke(DelegatingMethodAccessorImpl.java:25)
	at java.lang.reflect.Method.invoke(Method.java:597)
	at org.apache.maven.surefire.booter.ProviderFactory$ClassLoaderProxy.invoke(ProviderFactory.java:103)
	at $Proxy0.invoke(Unknown Source)
	at org.apache.maven.surefire.booter.SurefireStarter.invokeProvider(SurefireStarter.java:150)
	at org.apache.maven.surefire.booter.SurefireStarter.runSuitesInProcess(SurefireStarter.java:91)
	at org.apache.maven.surefire.booter.ForkedBooter.main(ForkedBooter.java:69)
</pre></div></td>
<td>0</td>
<td>org.andreacaldera.rockpaperscissors.AppTest@3882764b</td></tr>
<tr>
<td title='org.andreacaldera.rockpaperscissors.AppTest.shouldIgnoreInvalidParam()'><b>shouldIgnoreInvalidParam</b><br>Test class: org.andreacaldera.rockpaperscissors.AppTest</td>
<td></td>
<td>0</td>
<td>org.andreacaldera.rockpaperscissors.AppTest@3882764b</td></tr>
<tr>
<td title='org.andreacaldera.rockpaperscissors.data.GameResultTest.shouldNotReturnEqualsTrueAndSameHashCodeWithWinner()'><b>shouldNotReturnEqualsTrueAndSameHashCodeWithWinner</b><br>Test class: org.andreacaldera.rockpaperscissors.data.GameResultTest</td>
<td></td>
<td>0</td>
<td>org.andreacaldera.rockpaperscissors.data.GameResultTest@6860991f</td></tr>
<tr>
<td title='org.andreacaldera.rockpaperscissors.data.GameResultTest.shouldNotReturnEqualsTrueAndSameHashCodeWithoutWinner()'><b>shouldNotReturnEqualsTrueAndSameHashCodeWithoutWinner</b><br>Test class: org.andreacaldera.rockpaperscissors.data.GameResultTest</td>
<td></td>
<td>0</td>
<td>org.andreacaldera.rockpaperscissors.data.GameResultTest@6860991f</td></tr>
<tr>
<td title='org.andreacaldera.rockpaperscissors.data.GameResultTest.shouldReturnEqualsTrueAndSameHashCodeWithWinner()'><b>shouldReturnEqualsTrueAndSameHashCodeWithWinner</b><br>Test class: org.andreacaldera.rockpaperscissors.data.GameResultTest</td>
<td></td>
<td>0</td>
<td>org.andreacaldera.rockpaperscissors.data.GameResultTest@6860991f</td></tr>
<tr>
<td title='org.andreacaldera.rockpaperscissors.data.GameResultTest.shouldReturnEqualsTrueAndSameHashCodeWithoutWinner()'><b>shouldReturnEqualsTrueAndSameHashCodeWithoutWinner</b><br>Test class: org.andreacaldera.rockpaperscissors.data.GameResultTest</td>
<td></td>
<td>0</td>
<td>org.andreacaldera.rockpaperscissors.data.GameResultTest@6860991f</td></tr>
<tr>
<td title='org.andreacaldera.rockpaperscissors.data.GameResultTest.shouldReturnEven()'><b>shouldReturnEven</b><br>Test class: org.andreacaldera.rockpaperscissors.data.GameResultTest</td>
<td></td>
<td>0</td>
<td>org.andreacaldera.rockpaperscissors.data.GameResultTest@6860991f</td></tr>
<tr>
<td title='org.andreacaldera.rockpaperscissors.data.GameResultTest.shouldReturnWinner()'><b>shouldReturnWinner</b><br>Test class: org.andreacaldera.rockpaperscissors.data.GameResultTest</td>
<td></td>
<td>0</td>
<td>org.andreacaldera.rockpaperscissors.data.GameResultTest@6860991f</td></tr>
<tr>
<td title='org.andreacaldera.rockpaperscissors.AutoPlayerTest.shouldRun()'><b>shouldRun</b><br>Test class: org.andreacaldera.rockpaperscissors.AutoPlayerTest</td>
<td></td>
<td>0</td>
<td>org.andreacaldera.rockpaperscissors.AutoPlayerTest@7d2452e8</td></tr>
<tr>
<td title='org.andreacaldera.rockpaperscissors.AppTest.shouldRunAutoMode()'><b>shouldRunAutoMode</b><br>Test class: org.andreacaldera.rockpaperscissors.AppTest</td>
<td></td>
<td>0</td>
<td>org.andreacaldera.rockpaperscissors.AppTest@3882764b</td></tr>
<tr>
<td title='org.andreacaldera.rockpaperscissors.AppTest.shouldRunHelp()'><b>shouldRunHelp</b><br>Test class: org.andreacaldera.rockpaperscissors.AppTest</td>
<td></td>
<td>0</td>
<td>org.andreacaldera.rockpaperscissors.AppTest@3882764b</td></tr>
<tr>
<td title='org.andreacaldera.rockpaperscissors.AppTest.shouldRunMain()'><b>shouldRunMain</b><br>Test class: org.andreacaldera.rockpaperscissors.AppTest</td>
<td></td>
<td>0</td>
<td>org.andreacaldera.rockpaperscissors.AppTest@3882764b</td></tr>
<tr>
<td title='org.andreacaldera.rockpaperscissors.AppTest.shouldRunSheldonMode()'><b>shouldRunSheldonMode</b><br>Test class: org.andreacaldera.rockpaperscissors.AppTest</td>
<td></td>
<td>0</td>
<td>org.andreacaldera.rockpaperscissors.AppTest@3882764b</td></tr>
<tr>
<td title='org.andreacaldera.rockpaperscissors.data.GameResultTest.shouldThrowExceptionWithEmptyMessage()'><b>shouldThrowExceptionWithEmptyMessage</b><br>Test class: org.andreacaldera.rockpaperscissors.data.GameResultTest</td>
<td><div><pre>org.andreacaldera.rockpaperscissors.exception.GameException: Result message cannot be null
	at org.andreacaldera.rockpaperscissors.data.GameResult.&lt;init&gt;(GameResult.java:18)
	at org.andreacaldera.rockpaperscissors.data.GameResultTest.shouldThrowExceptionWithEmptyMessage(GameResultTest.java:52)
	at org.apache.maven.surefire.testng.TestNGExecutor.run(TestNGExecutor.java:60)
	at org.apache.maven.surefire.testng.TestNGDirectoryTestSuite.executeMulti(TestNGDirectoryTestSuite.java:153)
	at org.apache.maven.surefire.testng.TestNGDirectoryTestSuite.execute(TestNGDirectoryTestSuite.java:99)
	at org.apache.maven.surefire.testng.TestNGProvider.invoke(TestNGProvider.java:111)
	at org.apache.maven.surefire.booter.ProviderFactory$ClassLoaderProxy.invoke(ProviderFactory.java:103)
	at $Proxy0.invoke(Unknown Source)
	at org.apache.maven.surefire.booter.SurefireStarter.invokeProvider(SurefireStarter.java:150)
	at org.apache.maven.surefire.booter.SurefireStarter.runSuitesInProcess(SurefireStarter.java:91)
	at org.apache.maven.surefire.booter.ForkedBooter.main(ForkedBooter.java:69)
... Removed 26 stack frames</pre></div><a href='#' onClick='toggleBox("stack-trace1701693537", this, "Click to show all stack frames", "Click to hide stack frames")'>Click to show all stack frames</a>
<div class='stack-trace' id='stack-trace1701693537'><pre>org.andreacaldera.rockpaperscissors.exception.GameException: Result message cannot be null
	at org.andreacaldera.rockpaperscissors.data.GameResult.&lt;init&gt;(GameResult.java:18)
	at org.andreacaldera.rockpaperscissors.data.GameResultTest.shouldThrowExceptionWithEmptyMessage(GameResultTest.java:52)
	at sun.reflect.NativeMethodAccessorImpl.invoke0(Native Method)
	at sun.reflect.NativeMethodAccessorImpl.invoke(NativeMethodAccessorImpl.java:39)
	at sun.reflect.DelegatingMethodAccessorImpl.invoke(DelegatingMethodAccessorImpl.java:25)
	at java.lang.reflect.Method.invoke(Method.java:597)
	at org.testng.internal.MethodInvocationHelper.invokeMethod(MethodInvocationHelper.java:80)
	at org.testng.internal.Invoker.invokeMethod(Invoker.java:673)
	at org.testng.internal.Invoker.invokeTestMethod(Invoker.java:842)
	at org.testng.internal.Invoker.invokeTestMethods(Invoker.java:1166)
	at org.testng.internal.TestMethodWorker.invokeTestMethods(TestMethodWorker.java:125)
	at org.testng.internal.TestMethodWorker.run(TestMethodWorker.java:109)
	at org.testng.TestRunner.runWorkers(TestRunner.java:1178)
	at org.testng.TestRunner.privateRun(TestRunner.java:757)
	at org.testng.TestRunner.run(TestRunner.java:608)
	at org.testng.SuiteRunner.runTest(SuiteRunner.java:334)
	at org.testng.SuiteRunner.runSequentially(SuiteRunner.java:329)
	at org.testng.SuiteRunner.privateRun(SuiteRunner.java:291)
	at org.testng.SuiteRunner.run(SuiteRunner.java:240)
	at org.testng.SuiteRunnerWorker.runSuite(SuiteRunnerWorker.java:52)
	at org.testng.SuiteRunnerWorker.run(SuiteRunnerWorker.java:86)
	at org.testng.TestNG.runSuitesSequentially(TestNG.java:1158)
	at org.testng.TestNG.runSuitesLocally(TestNG.java:1083)
	at org.testng.TestNG.run(TestNG.java:999)
	at org.apache.maven.surefire.testng.TestNGExecutor.run(TestNGExecutor.java:60)
	at org.apache.maven.surefire.testng.TestNGDirectoryTestSuite.executeMulti(TestNGDirectoryTestSuite.java:153)
	at org.apache.maven.surefire.testng.TestNGDirectoryTestSuite.execute(TestNGDirectoryTestSuite.java:99)
	at org.apache.maven.surefire.testng.TestNGProvider.invoke(TestNGProvider.java:111)
	at sun.reflect.NativeMethodAccessorImpl.invoke0(Native Method)
	at sun.reflect.NativeMethodAccessorImpl.invoke(NativeMethodAccessorImpl.java:39)
	at sun.reflect.DelegatingMethodAccessorImpl.invoke(DelegatingMethodAccessorImpl.java:25)
	at java.lang.reflect.Method.invoke(Method.java:597)
	at org.apache.maven.surefire.booter.ProviderFactory$ClassLoaderProxy.invoke(ProviderFactory.java:103)
	at $Proxy0.invoke(Unknown Source)
	at org.apache.maven.surefire.booter.SurefireStarter.invokeProvider(SurefireStarter.java:150)
	at org.apache.maven.surefire.booter.SurefireStarter.runSuitesInProcess(SurefireStarter.java:91)
	at org.apache.maven.surefire.booter.ForkedBooter.main(ForkedBooter.java:69)
</pre></div></td>
<td>0</td>
<td>org.andreacaldera.rockpaperscissors.data.GameResultTest@6860991f</td></tr>
<tr>
<td title='org.andreacaldera.rockpaperscissors.data.GameResultTest.shouldThrowExceptionWithNullMessage()'><b>shouldThrowExceptionWithNullMessage</b><br>Test class: org.andreacaldera.rockpaperscissors.data.GameResultTest</td>
<td><div><pre>org.andreacaldera.rockpaperscissors.exception.GameException: Result message cannot be null
	at org.andreacaldera.rockpaperscissors.data.GameResult.&lt;init&gt;(GameResult.java:18)
	at org.andreacaldera.rockpaperscissors.data.GameResultTest.shouldThrowExceptionWithNullMessage(GameResultTest.java:19)
	at org.apache.maven.surefire.testng.TestNGExecutor.run(TestNGExecutor.java:60)
	at org.apache.maven.surefire.testng.TestNGDirectoryTestSuite.executeMulti(TestNGDirectoryTestSuite.java:153)
	at org.apache.maven.surefire.testng.TestNGDirectoryTestSuite.execute(TestNGDirectoryTestSuite.java:99)
	at org.apache.maven.surefire.testng.TestNGProvider.invoke(TestNGProvider.java:111)
	at org.apache.maven.surefire.booter.ProviderFactory$ClassLoaderProxy.invoke(ProviderFactory.java:103)
	at $Proxy0.invoke(Unknown Source)
	at org.apache.maven.surefire.booter.SurefireStarter.invokeProvider(SurefireStarter.java:150)
	at org.apache.maven.surefire.booter.SurefireStarter.runSuitesInProcess(SurefireStarter.java:91)
	at org.apache.maven.surefire.booter.ForkedBooter.main(ForkedBooter.java:69)
... Removed 26 stack frames</pre></div><a href='#' onClick='toggleBox("stack-trace176065613", this, "Click to show all stack frames", "Click to hide stack frames")'>Click to show all stack frames</a>
<div class='stack-trace' id='stack-trace176065613'><pre>org.andreacaldera.rockpaperscissors.exception.GameException: Result message cannot be null
	at org.andreacaldera.rockpaperscissors.data.GameResult.&lt;init&gt;(GameResult.java:18)
	at org.andreacaldera.rockpaperscissors.data.GameResultTest.shouldThrowExceptionWithNullMessage(GameResultTest.java:19)
	at sun.reflect.NativeMethodAccessorImpl.invoke0(Native Method)
	at sun.reflect.NativeMethodAccessorImpl.invoke(NativeMethodAccessorImpl.java:39)
	at sun.reflect.DelegatingMethodAccessorImpl.invoke(DelegatingMethodAccessorImpl.java:25)
	at java.lang.reflect.Method.invoke(Method.java:597)
	at org.testng.internal.MethodInvocationHelper.invokeMethod(MethodInvocationHelper.java:80)
	at org.testng.internal.Invoker.invokeMethod(Invoker.java:673)
	at org.testng.internal.Invoker.invokeTestMethod(Invoker.java:842)
	at org.testng.internal.Invoker.invokeTestMethods(Invoker.java:1166)
	at org.testng.internal.TestMethodWorker.invokeTestMethods(TestMethodWorker.java:125)
	at org.testng.internal.TestMethodWorker.run(TestMethodWorker.java:109)
	at org.testng.TestRunner.runWorkers(TestRunner.java:1178)
	at org.testng.TestRunner.privateRun(TestRunner.java:757)
	at org.testng.TestRunner.run(TestRunner.java:608)
	at org.testng.SuiteRunner.runTest(SuiteRunner.java:334)
	at org.testng.SuiteRunner.runSequentially(SuiteRunner.java:329)
	at org.testng.SuiteRunner.privateRun(SuiteRunner.java:291)
	at org.testng.SuiteRunner.run(SuiteRunner.java:240)
	at org.testng.SuiteRunnerWorker.runSuite(SuiteRunnerWorker.java:52)
	at org.testng.SuiteRunnerWorker.run(SuiteRunnerWorker.java:86)
	at org.testng.TestNG.runSuitesSequentially(TestNG.java:1158)
	at org.testng.TestNG.runSuitesLocally(TestNG.java:1083)
	at org.testng.TestNG.run(TestNG.java:999)
	at org.apache.maven.surefire.testng.TestNGExecutor.run(TestNGExecutor.java:60)
	at org.apache.maven.surefire.testng.TestNGDirectoryTestSuite.executeMulti(TestNGDirectoryTestSuite.java:153)
	at org.apache.maven.surefire.testng.TestNGDirectoryTestSuite.execute(TestNGDirectoryTestSuite.java:99)
	at org.apache.maven.surefire.testng.TestNGProvider.invoke(TestNGProvider.java:111)
	at sun.reflect.NativeMethodAccessorImpl.invoke0(Native Method)
	at sun.reflect.NativeMethodAccessorImpl.invoke(NativeMethodAccessorImpl.java:39)
	at sun.reflect.DelegatingMethodAccessorImpl.invoke(DelegatingMethodAccessorImpl.java:25)
	at java.lang.reflect.Method.invoke(Method.java:597)
	at org.apache.maven.surefire.booter.ProviderFactory$ClassLoaderProxy.invoke(ProviderFactory.java:103)
	at $Proxy0.invoke(Unknown Source)
	at org.apache.maven.surefire.booter.SurefireStarter.invokeProvider(SurefireStarter.java:150)
	at org.apache.maven.surefire.booter.SurefireStarter.runSuitesInProcess(SurefireStarter.java:91)
	at org.apache.maven.surefire.booter.ForkedBooter.main(ForkedBooter.java:69)
</pre></div></td>
<td>0</td>
<td>org.andreacaldera.rockpaperscissors.data.GameResultTest@6860991f</td></tr>
</table><p>
</body>
</html>