<?xml version="1.0" encoding="UTF-8"?>
<testng-results skipped="0" failed="0" total="22" passed="22">
  <reporter-output>
  </reporter-output>
  <suite name="Command line suite" duration-ms="195" started-at="2012-09-23T22:21:51Z" finished-at="2012-09-23T22:21:51Z">
    <groups>
    </groups>
    <test name="Command line test" duration-ms="195" started-at="2012-09-23T22:21:51Z" finished-at="2012-09-23T22:21:51Z">
      <class name="org.andreacaldera.rockpaperscissors.AppTest">
        <test-method status="PASS" signature="shouldFailWithTooManyParams()" name="shouldFailWithTooManyParams" duration-ms="7" started-at="2012-09-23T22:21:51Z" finished-at="2012-09-23T22:21:51Z">
          <exception class="org.andreacaldera.rockpaperscissors.exception.GameException">
            <message>
              <![CDATA[Max 2 start-up parameters accepted, see --help for more information]]>
            </message>
            <full-stacktrace>
              <![CDATA[org.andreacaldera.rockpaperscissors.exception.GameException: Max 2 start-up parameters accepted, see --help for more information
	at org.andreacaldera.rockpaperscissors.App.play(App.java:42)
	at org.andreacaldera.rockpaperscissors.AppTest.shouldFailWithTooManyParams(AppTest.java:17)
	at sun.reflect.NativeMethodAccessorImpl.invoke0(Native Method)
	at sun.reflect.NativeMethodAccessorImpl.invoke(NativeMethodAccessorImpl.java:39)
	at sun.reflect.DelegatingMethodAccessorImpl.invoke(DelegatingMethodAccessorImpl.java:25)
	at java.lang.reflect.Method.invoke(Method.java:597)
	at org.testng.internal.MethodInvocationHelper.invokeMethod(MethodInvocationHelper.java:80)
	at org.testng.internal.Invoker.invokeMethod(Invoker.java:673)
	at org.testng.internal.Invoker.invokeTestMethod(Invoker.java:842)
	at org.testng.internal.Invoker.invokeTestMethods(Invoker.java:1166)
	at org.testng.internal.TestMethodWorker.invokeTestMethods(TestMethodWorker.java:125)
	at org.testng.internal.TestMethodWorker.run(TestMethodWorker.java:109)
	at org.testng.TestRunner.runWorkers(TestRunner.java:1178)
	at org.testng.TestRunner.privateRun(TestRunner.java:757)
	at org.testng.TestRunner.run(TestRunner.java:608)
	at org.testng.SuiteRunner.runTest(SuiteRunner.java:334)
	at org.testng.SuiteRunner.runSequentially(SuiteRunner.java:329)
	at org.testng.SuiteRunner.privateRun(SuiteRunner.java:291)
	at org.testng.SuiteRunner.run(SuiteRunner.java:240)
	at org.testng.SuiteRunnerWorker.runSuite(SuiteRunnerWorker.java:52)
	at org.testng.SuiteRunnerWorker.run(SuiteRunnerWorker.java:86)
	at org.testng.TestNG.runSuitesSequentially(TestNG.java:1158)
	at org.testng.TestNG.runSuitesLocally(TestNG.java:1083)
	at org.testng.TestNG.run(TestNG.java:999)
	at org.apache.maven.surefire.testng.TestNGExecutor.run(TestNGExecutor.java:60)
	at org.apache.maven.surefire.testng.TestNGDirectoryTestSuite.executeMulti(TestNGDirectoryTestSuite.java:153)
	at org.apache.maven.surefire.testng.TestNGDirectoryTestSuite.execute(TestNGDirectoryTestSuite.java:99)
	at org.apache.maven.surefire.testng.TestNGProvider.invoke(TestNGProvider.java:111)
	at sun.reflect.NativeMethodAccessorImpl.invoke0(Native Method)
	at sun.reflect.NativeMethodAccessorImpl.invoke(NativeMethodAccessorImpl.java:39)
	at sun.reflect.DelegatingMethodAccessorImpl.invoke(DelegatingMethodAccessorImpl.java:25)
	at java.lang.reflect.Method.invoke(Method.java:597)
	at org.apache.maven.surefire.booter.ProviderFactory$ClassLoaderProxy.invoke(ProviderFactory.java:103)
	at $Proxy0.invoke(Unknown Source)
	at org.apache.maven.surefire.booter.SurefireStarter.invokeProvider(SurefireStarter.java:150)
	at org.apache.maven.surefire.booter.SurefireStarter.runSuitesInProcess(SurefireStarter.java:91)
	at org.apache.maven.surefire.booter.ForkedBooter.main(ForkedBooter.java:69)
]]>
            </full-stacktrace>
          </exception>
        </test-method>
        <test-method status="PASS" signature="shouldIgnoreInvalidParam()" name="shouldIgnoreInvalidParam" duration-ms="113" started-at="2012-09-23T22:21:51Z" finished-at="2012-09-23T22:21:51Z">
        </test-method>
        <test-method status="PASS" signature="shouldRunAutoMode()" name="shouldRunAutoMode" duration-ms="9" started-at="2012-09-23T22:21:51Z" finished-at="2012-09-23T22:21:51Z">
        </test-method>
        <test-method status="PASS" signature="shouldRunHelp()" name="shouldRunHelp" duration-ms="0" started-at="2012-09-23T22:21:51Z" finished-at="2012-09-23T22:21:51Z">
        </test-method>
        <test-method status="PASS" signature="shouldRunMain()" name="shouldRunMain" duration-ms="7" started-at="2012-09-23T22:21:51Z" finished-at="2012-09-23T22:21:51Z">
        </test-method>
        <test-method status="PASS" signature="shouldRunSheldonMode()" name="shouldRunSheldonMode" duration-ms="12" started-at="2012-09-23T22:21:51Z" finished-at="2012-09-23T22:21:51Z">
        </test-method>
      </class>
      <class name="org.andreacaldera.rockpaperscissors.GameEngineTest">
        <test-method status="PASS" signature="beforeClass()" name="beforeClass" is-config="true" duration-ms="10" started-at="2012-09-23T22:21:51Z" finished-at="2012-09-23T22:21:51Z">
        </test-method>
        <test-method status="PASS" signature="rockShouldBeatScissors()" name="rockShouldBeatScissors" duration-ms="2" started-at="2012-09-23T22:21:51Z" finished-at="2012-09-23T22:21:51Z">
        </test-method>
        <test-method status="PASS" signature="shouldFailWithInvalidWeapon()" name="shouldFailWithInvalidWeapon" duration-ms="1" started-at="2012-09-23T22:21:51Z" finished-at="2012-09-23T22:21:51Z">
          <exception class="java.lang.NullPointerException">
            <full-stacktrace>
              <![CDATA[java.lang.NullPointerException
	at org.andreacaldera.rockpaperscissors.GameEngine.play(GameEngine.java:47)
	at org.andreacaldera.rockpaperscissors.GameEngineTest.shouldFailWithInvalidWeapon(GameEngineTest.java:38)
	at sun.reflect.NativeMethodAccessorImpl.invoke0(Native Method)
	at sun.reflect.NativeMethodAccessorImpl.invoke(NativeMethodAccessorImpl.java:39)
	at sun.reflect.DelegatingMethodAccessorImpl.invoke(DelegatingMethodAccessorImpl.java:25)
	at java.lang.reflect.Method.invoke(Method.java:597)
	at org.testng.internal.MethodInvocationHelper.invokeMethod(MethodInvocationHelper.java:80)
	at org.testng.internal.Invoker.invokeMethod(Invoker.java:673)
	at org.testng.internal.Invoker.invokeTestMethod(Invoker.java:842)
	at org.testng.internal.Invoker.invokeTestMethods(Invoker.java:1166)
	at org.testng.internal.TestMethodWorker.invokeTestMethods(TestMethodWorker.java:125)
	at org.testng.internal.TestMethodWorker.run(TestMethodWorker.java:109)
	at org.testng.TestRunner.runWorkers(TestRunner.java:1178)
	at org.testng.TestRunner.privateRun(TestRunner.java:757)
	at org.testng.TestRunner.run(TestRunner.java:608)
	at org.testng.SuiteRunner.runTest(SuiteRunner.java:334)
	at org.testng.SuiteRunner.runSequentially(SuiteRunner.java:329)
	at org.testng.SuiteRunner.privateRun(SuiteRunner.java:291)
	at org.testng.SuiteRunner.run(SuiteRunner.java:240)
	at org.testng.SuiteRunnerWorker.runSuite(SuiteRunnerWorker.java:52)
	at org.testng.SuiteRunnerWorker.run(SuiteRunnerWorker.java:86)
	at org.testng.TestNG.runSuitesSequentially(TestNG.java:1158)
	at org.testng.TestNG.runSuitesLocally(TestNG.java:1083)
	at org.testng.TestNG.run(TestNG.java:999)
	at org.apache.maven.surefire.testng.TestNGExecutor.run(TestNGExecutor.java:60)
	at org.apache.maven.surefire.testng.TestNGDirectoryTestSuite.executeMulti(TestNGDirectoryTestSuite.java:153)
	at org.apache.maven.surefire.testng.TestNGDirectoryTestSuite.execute(TestNGDirectoryTestSuite.java:99)
	at org.apache.maven.surefire.testng.TestNGProvider.invoke(TestNGProvider.java:111)
	at sun.reflect.NativeMethodAccessorImpl.invoke0(Native Method)
	at sun.reflect.NativeMethodAccessorImpl.invoke(NativeMethodAccessorImpl.java:39)
	at sun.reflect.DelegatingMethodAccessorImpl.invoke(DelegatingMethodAccessorImpl.java:25)
	at java.lang.reflect.Method.invoke(Method.java:597)
	at org.apache.maven.surefire.booter.ProviderFactory$ClassLoaderProxy.invoke(ProviderFactory.java:103)
	at $Proxy0.invoke(Unknown Source)
	at org.apache.maven.surefire.booter.SurefireStarter.invokeProvider(SurefireStarter.java:150)
	at org.apache.maven.surefire.booter.SurefireStarter.runSuitesInProcess(SurefireStarter.java:91)
	at org.apache.maven.surefire.booter.ForkedBooter.main(ForkedBooter.java:69)
]]>
            </full-stacktrace>
          </exception>
        </test-method>
        <test-method status="PASS" signature="shouldFailWithFirstWeaponNull()" name="shouldFailWithFirstWeaponNull" duration-ms="0" started-at="2012-09-23T22:21:51Z" finished-at="2012-09-23T22:21:51Z">
          <exception class="org.andreacaldera.rockpaperscissors.exception.GameException">
            <message>
              <![CDATA[Weapons cannot be null]]>
            </message>
            <full-stacktrace>
              <![CDATA[org.andreacaldera.rockpaperscissors.exception.GameException: Weapons cannot be null
	at org.andreacaldera.rockpaperscissors.GameEngine.play(GameEngine.java:40)
	at org.andreacaldera.rockpaperscissors.GameEngineTest.shouldFailWithFirstWeaponNull(GameEngineTest.java:28)
	at sun.reflect.NativeMethodAccessorImpl.invoke0(Native Method)
	at sun.reflect.NativeMethodAccessorImpl.invoke(NativeMethodAccessorImpl.java:39)
	at sun.reflect.DelegatingMethodAccessorImpl.invoke(DelegatingMethodAccessorImpl.java:25)
	at java.lang.reflect.Method.invoke(Method.java:597)
	at org.testng.internal.MethodInvocationHelper.invokeMethod(MethodInvocationHelper.java:80)
	at org.testng.internal.Invoker.invokeMethod(Invoker.java:673)
	at org.testng.internal.Invoker.invokeTestMethod(Invoker.java:842)
	at org.testng.internal.Invoker.invokeTestMethods(Invoker.java:1166)
	at org.testng.internal.TestMethodWorker.invokeTestMethods(TestMethodWorker.java:125)
	at org.testng.internal.TestMethodWorker.run(TestMethodWorker.java:109)
	at org.testng.TestRunner.runWorkers(TestRunner.java:1178)
	at org.testng.TestRunner.privateRun(TestRunner.java:757)
	at org.testng.TestRunner.run(TestRunner.java:608)
	at org.testng.SuiteRunner.runTest(SuiteRunner.java:334)
	at org.testng.SuiteRunner.runSequentially(SuiteRunner.java:329)
	at org.testng.SuiteRunner.privateRun(SuiteRunner.java:291)
	at org.testng.SuiteRunner.run(SuiteRunner.java:240)
	at org.testng.SuiteRunnerWorker.runSuite(SuiteRunnerWorker.java:52)
	at org.testng.SuiteRunnerWorker.run(SuiteRunnerWorker.java:86)
	at org.testng.TestNG.runSuitesSequentially(TestNG.java:1158)
	at org.testng.TestNG.runSuitesLocally(TestNG.java:1083)
	at org.testng.TestNG.run(TestNG.java:999)
	at org.apache.maven.surefire.testng.TestNGExecutor.run(TestNGExecutor.java:60)
	at org.apache.maven.surefire.testng.TestNGDirectoryTestSuite.executeMulti(TestNGDirectoryTestSuite.java:153)
	at org.apache.maven.surefire.testng.TestNGDirectoryTestSuite.execute(TestNGDirectoryTestSuite.java:99)
	at org.apache.maven.surefire.testng.TestNGProvider.invoke(TestNGProvider.java:111)
	at sun.reflect.NativeMethodAccessorImpl.invoke0(Native Method)
	at sun.reflect.NativeMethodAccessorImpl.invoke(NativeMethodAccessorImpl.java:39)
	at sun.reflect.DelegatingMethodAccessorImpl.invoke(DelegatingMethodAccessorImpl.java:25)
	at java.lang.reflect.Method.invoke(Method.java:597)
	at org.apache.maven.surefire.booter.ProviderFactory$ClassLoaderProxy.invoke(ProviderFactory.java:103)
	at $Proxy0.invoke(Unknown Source)
	at org.apache.maven.surefire.booter.SurefireStarter.invokeProvider(SurefireStarter.java:150)
	at org.apache.maven.surefire.booter.SurefireStarter.runSuitesInProcess(SurefireStarter.java:91)
	at org.apache.maven.surefire.booter.ForkedBooter.main(ForkedBooter.java:69)
]]>
            </full-stacktrace>
          </exception>
        </test-method>
        <test-method status="PASS" signature="shouldFailWithSecondWeaponNull()" name="shouldFailWithSecondWeaponNull" duration-ms="1" started-at="2012-09-23T22:21:51Z" finished-at="2012-09-23T22:21:51Z">
          <exception class="org.andreacaldera.rockpaperscissors.exception.GameException">
            <message>
              <![CDATA[Weapons cannot be null]]>
            </message>
            <full-stacktrace>
              <![CDATA[org.andreacaldera.rockpaperscissors.exception.GameException: Weapons cannot be null
	at org.andreacaldera.rockpaperscissors.GameEngine.play(GameEngine.java:40)
	at org.andreacaldera.rockpaperscissors.GameEngineTest.shouldFailWithSecondWeaponNull(GameEngineTest.java:33)
	at sun.reflect.NativeMethodAccessorImpl.invoke0(Native Method)
	at sun.reflect.NativeMethodAccessorImpl.invoke(NativeMethodAccessorImpl.java:39)
	at sun.reflect.DelegatingMethodAccessorImpl.invoke(DelegatingMethodAccessorImpl.java:25)
	at java.lang.reflect.Method.invoke(Method.java:597)
	at org.testng.internal.MethodInvocationHelper.invokeMethod(MethodInvocationHelper.java:80)
	at org.testng.internal.Invoker.invokeMethod(Invoker.java:673)
	at org.testng.internal.Invoker.invokeTestMethod(Invoker.java:842)
	at org.testng.internal.Invoker.invokeTestMethods(Invoker.java:1166)
	at org.testng.internal.TestMethodWorker.invokeTestMethods(TestMethodWorker.java:125)
	at org.testng.internal.TestMethodWorker.run(TestMethodWorker.java:109)
	at org.testng.TestRunner.runWorkers(TestRunner.java:1178)
	at org.testng.TestRunner.privateRun(TestRunner.java:757)
	at org.testng.TestRunner.run(TestRunner.java:608)
	at org.testng.SuiteRunner.runTest(SuiteRunner.java:334)
	at org.testng.SuiteRunner.runSequentially(SuiteRunner.java:329)
	at org.testng.SuiteRunner.privateRun(SuiteRunner.java:291)
	at org.testng.SuiteRunner.run(SuiteRunner.java:240)
	at org.testng.SuiteRunnerWorker.runSuite(SuiteRunnerWorker.java:52)
	at org.testng.SuiteRunnerWorker.run(SuiteRunnerWorker.java:86)
	at org.testng.TestNG.runSuitesSequentially(TestNG.java:1158)
	at org.testng.TestNG.runSuitesLocally(TestNG.java:1083)
	at org.testng.TestNG.run(TestNG.java:999)
	at org.apache.maven.surefire.testng.TestNGExecutor.run(TestNGExecutor.java:60)
	at org.apache.maven.surefire.testng.TestNGDirectoryTestSuite.executeMulti(TestNGDirectoryTestSuite.java:153)
	at org.apache.maven.surefire.testng.TestNGDirectoryTestSuite.execute(TestNGDirectoryTestSuite.java:99)
	at org.apache.maven.surefire.testng.TestNGProvider.invoke(TestNGProvider.java:111)
	at sun.reflect.NativeMethodAccessorImpl.invoke0(Native Method)
	at sun.reflect.NativeMethodAccessorImpl.invoke(NativeMethodAccessorImpl.java:39)
	at sun.reflect.DelegatingMethodAccessorImpl.invoke(DelegatingMethodAccessorImpl.java:25)
	at java.lang.reflect.Method.invoke(Method.java:597)
	at org.apache.maven.surefire.booter.ProviderFactory$ClassLoaderProxy.invoke(ProviderFactory.java:103)
	at $Proxy0.invoke(Unknown Source)
	at org.apache.maven.surefire.booter.SurefireStarter.invokeProvider(SurefireStarter.java:150)
	at org.apache.maven.surefire.booter.SurefireStarter.runSuitesInProcess(SurefireStarter.java:91)
	at org.apache.maven.surefire.booter.ForkedBooter.main(ForkedBooter.java:69)
]]>
            </full-stacktrace>
          </exception>
        </test-method>
      </class>
      <class name="org.andreacaldera.rockpaperscissors.exception.GameExceptionTest">
        <test-method status="PASS" signature="shouldCreateExceptionWithException()" name="shouldCreateExceptionWithException" duration-ms="2" started-at="2012-09-23T22:21:51Z" finished-at="2012-09-23T22:21:51Z">
        </test-method>
        <test-method status="PASS" signature="shouldCreateExceptionWithMessage()" name="shouldCreateExceptionWithMessage" duration-ms="0" started-at="2012-09-23T22:21:51Z" finished-at="2012-09-23T22:21:51Z">
        </test-method>
      </class>
      <class name="org.andreacaldera.rockpaperscissors.AutoPlayerTest">
        <test-method status="PASS" signature="beforeClass()" name="beforeClass" duration-ms="9" started-at="2012-09-23T22:21:51Z" finished-at="2012-09-23T22:21:51Z">
        </test-method>
        <test-method status="PASS" signature="shouldRun()" name="shouldRun" duration-ms="0" started-at="2012-09-23T22:21:51Z" finished-at="2012-09-23T22:21:51Z">
        </test-method>
      </class>
      <class name="org.andreacaldera.rockpaperscissors.data.GameResultTest">
        <test-method status="PASS" signature="shouldNotReturnEqualsTrueAndSameHashCodeWithoutWinner()" name="shouldNotReturnEqualsTrueAndSameHashCodeWithoutWinner" duration-ms="1" started-at="2012-09-23T22:21:51Z" finished-at="2012-09-23T22:21:51Z">
        </test-method>
        <test-method status="PASS" signature="shouldNotReturnEqualsTrueAndSameHashCodeWithWinner()" name="shouldNotReturnEqualsTrueAndSameHashCodeWithWinner" duration-ms="0" started-at="2012-09-23T22:21:51Z" finished-at="2012-09-23T22:21:51Z">
        </test-method>
        <test-method status="PASS" signature="shouldReturnEqualsTrueAndSameHashCodeWithWinner()" name="shouldReturnEqualsTrueAndSameHashCodeWithWinner" duration-ms="0" started-at="2012-09-23T22:21:51Z" finished-at="2012-09-23T22:21:51Z">
        </test-method>
        <test-method status="PASS" signature="shouldReturnEqualsTrueAndSameHashCodeWithoutWinner()" name="shouldReturnEqualsTrueAndSameHashCodeWithoutWinner" duration-ms="0" started-at="2012-09-23T22:21:51Z" finished-at="2012-09-23T22:21:51Z">
        </test-method>
        <test-method status="PASS" signature="shouldReturnWinner()" name="shouldReturnWinner" duration-ms="0" started-at="2012-09-23T22:21:51Z" finished-at="2012-09-23T22:21:51Z">
        </test-method>
        <test-method status="PASS" signature="shouldReturnEven()" name="shouldReturnEven" duration-ms="0" started-at="2012-09-23T22:21:51Z" finished-at="2012-09-23T22:21:51Z">
        </test-method>
        <test-method status="PASS" signature="shouldThrowExceptionWithNullMessage()" name="shouldThrowExceptionWithNullMessage" duration-ms="1" started-at="2012-09-23T22:21:51Z" finished-at="2012-09-23T22:21:51Z">
          <exception class="org.andreacaldera.rockpaperscissors.exception.GameException">
            <message>
              <![CDATA[Result message cannot be null]]>
            </message>
            <full-stacktrace>
              <![CDATA[org.andreacaldera.rockpaperscissors.exception.GameException: Result message cannot be null
	at org.andreacaldera.rockpaperscissors.data.GameResult.<init>(GameResult.java:18)
	at org.andreacaldera.rockpaperscissors.data.GameResultTest.shouldThrowExceptionWithNullMessage(GameResultTest.java:19)
	at sun.reflect.NativeMethodAccessorImpl.invoke0(Native Method)
	at sun.reflect.NativeMethodAccessorImpl.invoke(NativeMethodAccessorImpl.java:39)
	at sun.reflect.DelegatingMethodAccessorImpl.invoke(DelegatingMethodAccessorImpl.java:25)
	at java.lang.reflect.Method.invoke(Method.java:597)
	at org.testng.internal.MethodInvocationHelper.invokeMethod(MethodInvocationHelper.java:80)
	at org.testng.internal.Invoker.invokeMethod(Invoker.java:673)
	at org.testng.internal.Invoker.invokeTestMethod(Invoker.java:842)
	at org.testng.internal.Invoker.invokeTestMethods(Invoker.java:1166)
	at org.testng.internal.TestMethodWorker.invokeTestMethods(TestMethodWorker.java:125)
	at org.testng.internal.TestMethodWorker.run(TestMethodWorker.java:109)
	at org.testng.TestRunner.runWorkers(TestRunner.java:1178)
	at org.testng.TestRunner.privateRun(TestRunner.java:757)
	at org.testng.TestRunner.run(TestRunner.java:608)
	at org.testng.SuiteRunner.runTest(SuiteRunner.java:334)
	at org.testng.SuiteRunner.runSequentially(SuiteRunner.java:329)
	at org.testng.SuiteRunner.privateRun(SuiteRunner.java:291)
	at org.testng.SuiteRunner.run(SuiteRunner.java:240)
	at org.testng.SuiteRunnerWorker.runSuite(SuiteRunnerWorker.java:52)
	at org.testng.SuiteRunnerWorker.run(SuiteRunnerWorker.java:86)
	at org.testng.TestNG.runSuitesSequentially(TestNG.java:1158)
	at org.testng.TestNG.runSuitesLocally(TestNG.java:1083)
	at org.testng.TestNG.run(TestNG.java:999)
	at org.apache.maven.surefire.testng.TestNGExecutor.run(TestNGExecutor.java:60)
	at org.apache.maven.surefire.testng.TestNGDirectoryTestSuite.executeMulti(TestNGDirectoryTestSuite.java:153)
	at org.apache.maven.surefire.testng.TestNGDirectoryTestSuite.execute(TestNGDirectoryTestSuite.java:99)
	at org.apache.maven.surefire.testng.TestNGProvider.invoke(TestNGProvider.java:111)
	at sun.reflect.NativeMethodAccessorImpl.invoke0(Native Method)
	at sun.reflect.NativeMethodAccessorImpl.invoke(NativeMethodAccessorImpl.java:39)
	at sun.reflect.DelegatingMethodAccessorImpl.invoke(DelegatingMethodAccessorImpl.java:25)
	at java.lang.reflect.Method.invoke(Method.java:597)
	at org.apache.maven.surefire.booter.ProviderFactory$ClassLoaderProxy.invoke(ProviderFactory.java:103)
	at $Proxy0.invoke(Unknown Source)
	at org.apache.maven.surefire.booter.SurefireStarter.invokeProvider(SurefireStarter.java:150)
	at org.apache.maven.surefire.booter.SurefireStarter.runSuitesInProcess(SurefireStarter.java:91)
	at org.apache.maven.surefire.booter.ForkedBooter.main(ForkedBooter.java:69)
]]>
            </full-stacktrace>
          </exception>
        </test-method>
        <test-method status="PASS" signature="shouldThrowExceptionWithEmptyMessage()" name="shouldThrowExceptionWithEmptyMessage" duration-ms="0" started-at="2012-09-23T22:21:51Z" finished-at="2012-09-23T22:21:51Z">
          <exception class="org.andreacaldera.rockpaperscissors.exception.GameException">
            <message>
              <![CDATA[Result message cannot be null]]>
            </message>
            <full-stacktrace>
              <![CDATA[org.andreacaldera.rockpaperscissors.exception.GameException: Result message cannot be null
	at org.andreacaldera.rockpaperscissors.data.GameResult.<init>(GameResult.java:18)
	at org.andreacaldera.rockpaperscissors.data.GameResultTest.shouldThrowExceptionWithEmptyMessage(GameResultTest.java:52)
	at sun.reflect.NativeMethodAccessorImpl.invoke0(Native Method)
	at sun.reflect.NativeMethodAccessorImpl.invoke(NativeMethodAccessorImpl.java:39)
	at sun.reflect.DelegatingMethodAccessorImpl.invoke(DelegatingMethodAccessorImpl.java:25)
	at java.lang.reflect.Method.invoke(Method.java:597)
	at org.testng.internal.MethodInvocationHelper.invokeMethod(MethodInvocationHelper.java:80)
	at org.testng.internal.Invoker.invokeMethod(Invoker.java:673)
	at org.testng.internal.Invoker.invokeTestMethod(Invoker.java:842)
	at org.testng.internal.Invoker.invokeTestMethods(Invoker.java:1166)
	at org.testng.internal.TestMethodWorker.invokeTestMethods(TestMethodWorker.java:125)
	at org.testng.internal.TestMethodWorker.run(TestMethodWorker.java:109)
	at org.testng.TestRunner.runWorkers(TestRunner.java:1178)
	at org.testng.TestRunner.privateRun(TestRunner.java:757)
	at org.testng.TestRunner.run(TestRunner.java:608)
	at org.testng.SuiteRunner.runTest(SuiteRunner.java:334)
	at org.testng.SuiteRunner.runSequentially(SuiteRunner.java:329)
	at org.testng.SuiteRunner.privateRun(SuiteRunner.java:291)
	at org.testng.SuiteRunner.run(SuiteRunner.java:240)
	at org.testng.SuiteRunnerWorker.runSuite(SuiteRunnerWorker.java:52)
	at org.testng.SuiteRunnerWorker.run(SuiteRunnerWorker.java:86)
	at org.testng.TestNG.runSuitesSequentially(TestNG.java:1158)
	at org.testng.TestNG.runSuitesLocally(TestNG.java:1083)
	at org.testng.TestNG.run(TestNG.java:999)
	at org.apache.maven.surefire.testng.TestNGExecutor.run(TestNGExecutor.java:60)
	at org.apache.maven.surefire.testng.TestNGDirectoryTestSuite.executeMulti(TestNGDirectoryTestSuite.java:153)
	at org.apache.maven.surefire.testng.TestNGDirectoryTestSuite.execute(TestNGDirectoryTestSuite.java:99)
	at org.apache.maven.surefire.testng.TestNGProvider.invoke(TestNGProvider.java:111)
	at sun.reflect.NativeMethodAccessorImpl.invoke0(Native Method)
	at sun.reflect.NativeMethodAccessorImpl.invoke(NativeMethodAccessorImpl.java:39)
	at sun.reflect.DelegatingMethodAccessorImpl.invoke(DelegatingMethodAccessorImpl.java:25)
	at java.lang.reflect.Method.invoke(Method.java:597)
	at org.apache.maven.surefire.booter.ProviderFactory$ClassLoaderProxy.invoke(ProviderFactory.java:103)
	at $Proxy0.invoke(Unknown Source)
	at org.apache.maven.surefire.booter.SurefireStarter.invokeProvider(SurefireStarter.java:150)
	at org.apache.maven.surefire.booter.SurefireStarter.runSuitesInProcess(SurefireStarter.java:91)
	at org.apache.maven.surefire.booter.ForkedBooter.main(ForkedBooter.java:69)
]]>
            </full-stacktrace>
          </exception>
        </test-method>
      </class>
    </test>
  </suite>
</testng-results>
